\BOOKMARK [1][-]{section.1}{\376\377\145\160\213\272}{}% 1
\BOOKMARK [2][-]{subsection.1.1}{\376\377\137\353\220\037\154\102\220\006\121\103}{section.1}% 2
\BOOKMARK [2][-]{subsection.1.2}{\376\377\203\253\153\324\116\114\145\257\123\315\157\024}{section.1}% 3
\BOOKMARK [2][-]{subsection.1.3}{\376\377\147\134\145\131\173\133}{section.1}% 4
\BOOKMARK [2][-]{subsection.1.4}{\376\377\142\311\150\074\147\027\145\345\116\130\145\160\154\325}{section.1}% 5
\BOOKMARK [2][-]{subsection.1.5}{\376\377\142\151\134\125\153\047\121\340\221\314\137\267\173\227\154\325}{section.1}% 6
\BOOKMARK [2][-]{subsection.1.6}{\376\377\116\055\126\375\122\151\117\131\133\232\164\006}{section.1}% 7
\BOOKMARK [2][-]{subsection.1.7}{\376\377\116\055\126\375\122\151\117\131\133\232\164\006\0002}{section.1}% 8
\BOOKMARK [2][-]{subsection.1.8}{\376\377\176\304\124\010\145\160\123\326\152\041}{section.1}% 9
\BOOKMARK [2][-]{subsection.1.9}{\376\377\142\151\134\125\134\017\153\145\131\047\153\145}{section.1}% 10
\BOOKMARK [2][-]{subsection.1.10}{\376\377\123\142\123\141\145\257\133\232\164\006}{section.1}% 11
\BOOKMARK [2][-]{subsection.1.11}{\376\377\134\017\153\145\131\047\153\145}{section.1}% 12
\BOOKMARK [2][-]{subsection.1.12}{\376\377\000M\000i\000l\000l\000e\000r\000\040\000R\000a\000b\000i\000n\000\040\175\040\145\160\155\113\213\325}{section.1}% 13
\BOOKMARK [2][-]{subsection.1.13}{\376\377\000P\000o\000l\000l\000a\000r\000d\000\040\000R\000h\000o\000\040\131\047\145\160\122\006\211\343}{section.1}% 14
\BOOKMARK [2][-]{subsection.1.14}{\376\377\137\353\220\037\145\160\213\272\123\330\143\142}{section.1}% 15
\BOOKMARK [2][-]{subsection.1.15}{\376\377\123\237\150\071}{section.1}% 16
\BOOKMARK [2][-]{subsection.1.16}{\376\377\176\277\140\047\220\022\143\250}{section.1}% 17
\BOOKMARK [2][-]{subsection.1.17}{\376\377\176\277\140\047\173\133}{section.1}% 18
\BOOKMARK [2][-]{subsection.1.18}{\376\377\166\364\176\277\116\013\145\164\160\271\116\052\145\160}{section.1}% 19
\BOOKMARK [1][-]{section.2}{\376\377\145\160\120\074}{}% 20
\BOOKMARK [2][-]{subsection.2.1}{\376\377\232\330\145\257\155\210\121\103}{section.2}% 21
\BOOKMARK [2][-]{subsection.2.2}{\376\377\176\277\140\047\127\372}{section.2}% 22
\BOOKMARK [2][-]{subsection.2.3}{\376\377\137\353\220\037\120\205\172\313\123\366\123\330\143\142}{section.2}% 23
\BOOKMARK [2][-]{subsection.2.4}{\376\377\0001\000e\0009\000+\0007\000\040\000F\000F\000T}{section.2}% 24
\BOOKMARK [2][-]{subsection.2.5}{\376\377\123\125\176\257\137\142\154\325\154\102\211\343\176\277\140\047\211\304\122\022}{section.2}% 25
\BOOKMARK [2][-]{subsection.2.6}{\376\377\201\352\220\002\136\224\217\233\146\156\150\356}{section.2}% 26
\BOOKMARK [2][-]{subsection.2.7}{\376\377\000N\000T\000T}{section.2}% 27
\BOOKMARK [2][-]{subsection.2.8}{\376\377\000F\000F\000T}{section.2}% 28
\BOOKMARK [2][-]{subsection.2.9}{\376\377\131\032\230\171\137\017\154\102\220\006\137\000\150\071}{section.2}% 29
\BOOKMARK [2][-]{subsection.2.10}{\376\377\122\006\154\273\000N\000T\000T}{section.2}% 30
\BOOKMARK [2][-]{subsection.2.11}{\376\377\131\032\230\171\137\017\154\102\150\071}{section.2}% 31
\BOOKMARK [2][-]{subsection.2.12}{\376\377\137\353\220\037\154\102\220\006}{section.2}% 32
\BOOKMARK [2][-]{subsection.2.13}{\376\377\233\124\136\173\131\032\230\171\137\017}{section.2}% 33
\BOOKMARK [1][-]{section.3}{\376\377\145\160\143\156\176\323\147\204}{}% 34
\BOOKMARK [2][-]{subsection.3.1}{\376\377\136\163\210\141\166\204\116\214\123\311\147\345\142\176\150\021}{section.3}% 35
\BOOKMARK [3][-]{subsubsection.3.1.1}{\376\377\000T\000r\000e\000a\000p}{subsection.3.1}% 36
\BOOKMARK [3][-]{subsubsection.3.1.2}{\376\377\000S\000p\000l\000a\000y}{subsection.3.1}% 37
\BOOKMARK [2][-]{subsection.3.2}{\376\377\127\132\126\372\166\204\145\160\143\156\176\323\147\204}{section.3}% 38
\BOOKMARK [3][-]{subsubsection.3.2.1}{\376\377\127\132\126\372\166\204\136\163\210\141\150\021}{subsection.3.2}% 39
\BOOKMARK [3][-]{subsubsection.3.2.2}{\376\377\127\132\126\372\166\204\135\346\120\117\150\021}{subsection.3.2}% 40
\BOOKMARK [2][-]{subsection.3.3}{\376\377\150\021\116\012\166\204\233\124\147\057\136\010}{section.3}% 41
\BOOKMARK [3][-]{subsubsection.3.3.1}{\376\377\217\173\221\315\150\021\224\376\122\126\122\006}{subsection.3.3}% 42
\BOOKMARK [3][-]{subsubsection.3.3.2}{\376\377\000l\000c\000t}{subsection.3.3}% 43
\BOOKMARK [2][-]{subsection.3.4}{\376\377\000R\000M\000Q}{section.3}% 44
\BOOKMARK [2][-]{subsection.3.5}{\376\377\123\357\143\001\116\105\123\026\176\277\153\265\150\021}{section.3}% 45
\BOOKMARK [2][-]{subsection.3.6}{\376\377\123\357\143\001\116\105\123\026\000T\000r\000i\000e}{section.3}% 46
\BOOKMARK [2][-]{subsection.3.7}{\376\377\000k\000-\000d\150\021}{section.3}% 47
\BOOKMARK [2][-]{subsection.3.8}{\376\377\203\253\226\037\173\227\154\325}{section.3}% 48
\BOOKMARK [2][-]{subsection.3.9}{\376\377\150\021\116\012\203\253\226\037}{section.3}% 49
\BOOKMARK [2][-]{subsection.3.10}{\376\377\150\021\162\266\145\160\176\304\000k\000t\000h}{section.3}% 50
\BOOKMARK [2][-]{subsection.3.11}{\376\377\206\132\150\021}{section.3}% 51
\BOOKMARK [2][-]{subsection.3.12}{\376\377\160\271\122\006\154\273\000\050\000z\000k\000y\000\051}{section.3}% 52
\BOOKMARK [1][-]{section.4}{\376\377\126\376\213\272}{}% 53
\BOOKMARK [2][-]{subsection.4.1}{\376\377\160\271\123\314\217\336\220\032\122\006\221\317}{section.4}% 54
\BOOKMARK [2][-]{subsection.4.2}{\376\377\160\271\123\314\217\336\220\032\122\006\221\317\000\050\000l\000y\000x\000\051}{section.4}% 55
\BOOKMARK [2][-]{subsection.4.3}{\376\377\000H\000u\000n\000g\000a\000r\000y\154\102\147\000\131\047\123\071\221\115}{section.4}% 56
\BOOKMARK [2][-]{subsection.4.4}{\376\377\000H\000o\000p\000c\000o\000f\000t\000-\000K\000a\000r\000p\154\102\147\000\131\047\123\071\221\115}{section.4}% 57
\BOOKMARK [2][-]{subsection.4.5}{\376\377\000K\000M\136\046\147\103\123\071\221\115}{section.4}% 58
\BOOKMARK [2][-]{subsection.4.6}{\376\377\172\000\165\217\126\376\147\000\131\047\155\101}{section.4}% 59
\BOOKMARK [2][-]{subsection.4.7}{\376\377\172\000\165\217\126\376\215\071\165\050\155\101}{section.4}% 60
\BOOKMARK [2][-]{subsection.4.8}{\376\377\172\040\133\306\126\376\215\071\165\050\155\101}{section.4}% 61
\BOOKMARK [2][-]{subsection.4.9}{\376\377\0002\000-\000S\000A\000T\225\356\230\230}{section.4}% 62
\BOOKMARK [2][-]{subsection.4.10}{\376\377\147\011\150\071\150\021\166\204\124\014\147\204}{section.4}% 63
\BOOKMARK [2][-]{subsection.4.11}{\376\377\000D\000o\000m\000i\000n\000a\000t\000o\000r\000\040\000T\000r\000e\000e}{section.4}% 64
\BOOKMARK [2][-]{subsection.4.12}{\376\377\124\310\133\306\134\024\230\177\126\336\215\357\377\010\000O\000R\000E\000\040\140\047\215\050\166\204\126\376\377\011}{section.4}% 65
\BOOKMARK [2][-]{subsection.4.13}{\376\377\145\340\124\021\126\376\147\000\134\017\122\162}{section.4}% 66
\BOOKMARK [2][-]{subsection.4.14}{\376\377\137\046\126\376\122\044\133\232}{section.4}% 67
\BOOKMARK [2][-]{subsection.4.15}{\376\377\137\046\126\376\154\102\147\000\131\047\126\342}{section.4}% 68
\BOOKMARK [2][-]{subsection.4.16}{\376\377\147\000\131\047\126\342\144\034\175\042}{section.4}% 69
\BOOKMARK [2][-]{subsection.4.17}{\376\377\147\201\131\047\126\342\213\241\145\160}{section.4}% 70
\BOOKMARK [2][-]{subsection.4.18}{\376\377\147\000\134\017\150\021\137\142\126\376}{section.4}% 71
\BOOKMARK [2][-]{subsection.4.19}{\376\377\136\046\202\261\150\021}{section.4}% 72
\BOOKMARK [2][-]{subsection.4.20}{\376\377\136\246\226\120\122\066\165\037\142\020\150\021}{section.4}% 73
\BOOKMARK [2][-]{subsection.4.21}{\376\377\127\006\145\271\150\021}{section.4}% 74
\BOOKMARK [1][-]{section.5}{\376\377\133\127\173\046\116\062}{}% 75
\BOOKMARK [2][-]{subsection.5.1}{\376\377\000K\000M\000P}{section.5}% 76
\BOOKMARK [2][-]{subsection.5.2}{\376\377\000E\000X\000K\000M\000P}{section.5}% 77
\BOOKMARK [2][-]{subsection.5.3}{\376\377\000A\000C\201\352\122\250\147\072}{section.5}% 78
\BOOKMARK [2][-]{subsection.5.4}{\376\377\000S\000A\000M}{section.5}% 79
\BOOKMARK [2][-]{subsection.5.5}{\376\377\124\016\177\000\145\160\176\304}{section.5}% 80
\BOOKMARK [2][-]{subsection.5.6}{\376\377\126\336\145\207\201\352\122\250\147\072}{section.5}% 81
\BOOKMARK [2][-]{subsection.5.7}{\376\377\000M\000a\000n\000a\000c\000h\000e\000r}{section.5}% 82
\BOOKMARK [2][-]{subsection.5.8}{\376\377\137\252\163\257\116\062\166\204\147\000\134\017\210\150\171\072}{section.5}% 83
\BOOKMARK [1][-]{section.6}{\376\377\213\241\173\227\121\340\117\125}{}% 84
\BOOKMARK [2][-]{subsection.6.1}{\376\377\116\214\176\364\121\340\117\125}{section.6}% 85
\BOOKMARK [2][-]{subsection.6.2}{\376\377\226\077\154\342\177\127\134\074\203\050\127\006}{section.6}% 86
\BOOKMARK [2][-]{subsection.6.3}{\376\377\116\011\211\322\137\142\116\016\127\006\116\244}{section.6}% 87
\BOOKMARK [2][-]{subsection.6.4}{\376\377\127\006\136\166}{section.6}% 88
\BOOKMARK [2][-]{subsection.6.5}{\376\377\145\164\145\160\123\112\136\163\227\142\116\244}{section.6}% 89
\BOOKMARK [2][-]{subsection.6.6}{\376\377\123\112\136\163\227\142\116\244}{section.6}% 90
\BOOKMARK [2][-]{subsection.6.7}{\376\377\116\011\211\322\137\142}{section.6}% 91
\BOOKMARK [2][-]{subsection.6.8}{\376\377\176\317\176\254\136\246\154\102\164\003\227\142\147\000\167\355\215\335\171\273}{section.6}% 92
\BOOKMARK [2][-]{subsection.6.9}{\376\377\225\177\145\271\117\123\210\150\227\142\116\044\160\271\147\000\167\355\215\335\171\273}{section.6}% 93
\BOOKMARK [2][-]{subsection.6.10}{\376\377\160\271\122\060\121\370\123\005\122\007\176\277}{section.6}% 94
\BOOKMARK [2][-]{subsection.6.11}{\376\377\166\364\176\277\116\016\121\370\123\005\166\204\116\244\160\271}{section.6}% 95
\BOOKMARK [2][-]{subsection.6.12}{\376\377\136\163\227\142\147\000\217\321\160\271\133\371}{section.6}% 96
\BOOKMARK [2][-]{subsection.6.13}{\376\377\116\011\176\364\121\340\117\125}{section.6}% 97
\BOOKMARK [1][-]{section.7}{\376\377\121\166\116\326}{}% 98
\BOOKMARK [2][-]{subsection.7.1}{\376\377\000D\000P\117\030\123\026}{section.7}% 99
\BOOKMARK [3][-]{subsubsection.7.1.1}{\376\377\121\263\173\126\123\125\214\003\140\047}{subsection.7.1}% 100
\BOOKMARK [3][-]{subsubsection.7.1.2}{\376\377\145\234\163\207\117\030\123\026}{subsection.7.1}% 101
\BOOKMARK [2][-]{subsection.7.2}{\376\377\145\257\127\146\176\263\150\021}{section.7}% 102
\BOOKMARK [2][-]{subsection.7.3}{\376\377\145\340\145\114\166\204\213\373\121\145\117\030\123\026}{section.7}% 103
\BOOKMARK [2][-]{subsection.7.4}{\376\377\147\000\134\017\150\021\137\142\126\376}{section.7}% 104
\BOOKMARK [2][-]{subsection.7.5}{\376\377\000D\000L\000X}{section.7}% 105
\BOOKMARK [2][-]{subsection.7.6}{\376\377\143\322\131\064\000D\000P}{section.7}% 106
\BOOKMARK [2][-]{subsection.7.7}{\376\377\147\320\136\164\147\320\147\010\147\320\145\345\146\057\146\037\147\037\121\340}{section.7}% 107
\BOOKMARK [2][-]{subsection.7.8}{\376\377\147\232\116\076\131\047\134\017\116\072\000k\166\204\133\120\226\306}{section.7}% 108
\BOOKMARK [2][-]{subsection.7.9}{\376\377\163\257\162\266\147\000\225\177\121\154\121\161\133\120\116\062}{section.7}% 109
\BOOKMARK [2][-]{subsection.7.10}{\376\377\000L\000L\000M\000O\000D}{section.7}% 110
\BOOKMARK [2][-]{subsection.7.11}{\376\377\000S\000T\000L\121\205\133\130\156\005\172\172}{section.7}% 111
\BOOKMARK [2][-]{subsection.7.12}{\376\377\137\000\150\010}{section.7}% 112
\BOOKMARK [2][-]{subsection.7.13}{\376\377\0003\0002\000-\000b\000i\000t\000/\0006\0004\000-\000b\000i\000t\226\217\147\072\175\040\145\160}{section.7}% 113
\BOOKMARK [1][-]{section.8}{\376\377\000v\000i\000m\000r\000c}{}% 114
\BOOKMARK [1][-]{section.9}{\376\377\136\070\165\050\176\323\213\272}{}% 115
\BOOKMARK [2][-]{subsection.9.1}{\376\377\116\012\116\013\165\114\177\121\176\334\155\101}{section.9}% 116
\BOOKMARK [2][-]{subsection.9.2}{\376\377\116\012\116\013\165\114\215\071\165\050\155\101}{section.9}% 117
\BOOKMARK [2][-]{subsection.9.3}{\376\377\137\046\126\376\166\370\121\163}{section.9}% 118
\BOOKMARK [1][-]{section.10}{\376\377\136\070\211\301\225\031\213\357}{}% 119
\BOOKMARK [1][-]{section.11}{\376\377\155\113\213\325\122\027\210\150}{}% 120
\BOOKMARK [1][-]{section.12}{\376\377\000J\000a\000v\000a}{}% 121
\BOOKMARK [2][-]{subsection.12.1}{\376\377\000J\000a\000v\000a\000\040\000H\000i\000n\000t\000s}{section.12}% 122
\BOOKMARK [2][-]{subsection.12.2}{\376\377\150\067\117\213\116\343\170\001}{section.12}% 123
\BOOKMARK [2][-]{subsection.12.3}{\376\377\150\067\117\213\116\343\170\001\0002}{section.12}% 124
\BOOKMARK [1][-]{section.13}{\376\377\145\160\133\146}{}% 125
\BOOKMARK [2][-]{subsection.13.1}{\376\377\136\070\165\050\145\160\133\146\121\154\137\017}{section.13}% 126
\BOOKMARK [3][-]{subsubsection.13.1.1}{\376\377\154\102\124\214\121\154\137\017}{subsection.13.1}% 127
\BOOKMARK [3][-]{subsubsection.13.1.2}{\376\377\145\220\154\342\220\243\131\121\145\160\122\027}{subsection.13.1}% 128
\BOOKMARK [3][-]{subsubsection.13.1.3}{\376\377\000B\000e\000r\000n\000o\000u\000l\000l\000i\145\160}{subsection.13.1}% 129
\BOOKMARK [3][-]{subsubsection.13.1.4}{\376\377\225\031\143\222\121\154\137\017}{subsection.13.1}% 130
\BOOKMARK [3][-]{subsubsection.13.1.5}{\376\377\203\253\153\324\116\114\145\257\121\375\145\160}{subsection.13.1}% 131
\BOOKMARK [3][-]{subsubsection.13.1.6}{\376\377\117\057\140\151\215\133\137\267\137\025\164\006}{subsection.13.1}% 132
\BOOKMARK [3][-]{subsubsection.13.1.7}{\376\377\116\224\217\271\137\142\145\160\133\232\164\006}{subsection.13.1}% 133
\BOOKMARK [3][-]{subsubsection.13.1.8}{\376\377\150\021\166\204\213\241\145\160}{subsection.13.1}% 134
\BOOKMARK [3][-]{subsubsection.13.1.9}{\376\377\153\047\142\311\121\154\137\017}{subsection.13.1}% 135
\BOOKMARK [3][-]{subsubsection.13.1.10}{\376\377\166\256\121\113\133\232\164\006}{subsection.13.1}% 136
\BOOKMARK [3][-]{subsubsection.13.1.11}{\376\377\162\133\230\177\140\122\173\111\137\017}{subsection.13.1}% 137
\BOOKMARK [2][-]{subsection.13.2}{\376\377\136\163\227\142\121\340\117\125\121\154\137\017}{section.13}% 138
\BOOKMARK [3][-]{subsubsection.13.2.1}{\376\377\116\011\211\322\137\142}{subsection.13.2}% 139
\BOOKMARK [3][-]{subsubsection.13.2.2}{\376\377\126\333\217\271\137\142}{subsection.13.2}% 140
\BOOKMARK [3][-]{subsubsection.13.2.3}{\376\377\153\143\000n\217\271\137\142}{subsection.13.2}% 141
\BOOKMARK [3][-]{subsubsection.13.2.4}{\376\377\127\006}{subsection.13.2}% 142
\BOOKMARK [3][-]{subsubsection.13.2.5}{\376\377\150\361\147\361}{subsection.13.2}% 143
\BOOKMARK [3][-]{subsubsection.13.2.6}{\376\377\150\361\225\045}{subsection.13.2}% 144
\BOOKMARK [3][-]{subsubsection.13.2.7}{\376\377\150\361\123\360}{subsection.13.2}% 145
\BOOKMARK [3][-]{subsubsection.13.2.8}{\376\377\127\006\147\361}{subsection.13.2}% 146
\BOOKMARK [3][-]{subsubsection.13.2.9}{\376\377\127\006\225\045}{subsection.13.2}% 147
\BOOKMARK [3][-]{subsubsection.13.2.10}{\376\377\127\006\123\360}{subsection.13.2}% 148
\BOOKMARK [3][-]{subsubsection.13.2.11}{\376\377\164\003}{subsection.13.2}% 149
\BOOKMARK [3][-]{subsubsection.13.2.12}{\376\377\164\003\123\360}{subsection.13.2}% 150
\BOOKMARK [3][-]{subsubsection.13.2.13}{\376\377\164\003\142\107\137\142}{subsection.13.2}% 151
\BOOKMARK [2][-]{subsection.13.3}{\376\377\171\357\122\006\210\150}{section.13}% 152
\BOOKMARK [2][-]{subsection.13.4}{\376\377\172\313\117\123\121\340\117\125\121\154\137\017}{section.13}% 153
\BOOKMARK [3][-]{subsubsection.13.4.1}{\376\377\164\003\227\142\116\011\211\322\121\154\137\017}{subsection.13.4}% 154
\BOOKMARK [3][-]{subsubsection.13.4.2}{\376\377\126\333\227\142\117\123\117\123\171\357\121\154\137\017}{subsection.13.4}% 155
\BOOKMARK [2][-]{subsection.13.5}{\376\377\123\132\137\010\156\070\142\017}{section.13}% 156
\BOOKMARK [2][-]{subsection.13.6}{\376\377\135\364\116\300\123\132\131\125}{section.13}% 157
\BOOKMARK [2][-]{subsection.13.7}{\376\377\132\001\117\120\131\053\123\132\137\010}{section.13}% 158
\BOOKMARK [2][-]{subsection.13.8}{\376\377\226\066\150\257\123\132\131\125}{section.13}% 159
\BOOKMARK [2][-]{subsection.13.9}{\376\377\126\376\116\012\122\040\217\271\156\070\142\017}{section.13}% 160
\BOOKMARK [3][-]{subsubsection.13.9.1}{\376\377\224\376\166\204\122\040\217\271\156\070\142\017}{subsection.13.9}% 161
\BOOKMARK [3][-]{subsubsection.13.9.2}{\376\377\150\021\166\204\122\040\217\271\156\070\142\017}{subsection.13.9}% 162
\BOOKMARK [3][-]{subsubsection.13.9.3}{\376\377\134\100\220\350\217\336\220\032\126\376\166\204\122\040\217\271\156\070\142\017}{subsection.13.9}% 163
\BOOKMARK [2][-]{subsection.13.10}{\376\377\136\070\165\050\145\160\133\146\121\154\137\017}{section.13}% 164
\BOOKMARK [2][-]{subsection.13.11}{\376\377\154\102\124\214\121\154\137\017}{section.13}% 165
\BOOKMARK [2][-]{subsection.13.12}{\376\377\145\220\154\342\220\243\131\121\145\160\122\027}{section.13}% 166
\BOOKMARK [2][-]{subsection.13.13}{\376\377\225\031\143\222\121\154\137\017}{section.13}% 167
\BOOKMARK [2][-]{subsection.13.14}{\376\377\203\253\153\324\116\114\145\257\121\375\145\160}{section.13}% 168
\BOOKMARK [2][-]{subsection.13.15}{\376\377\000B\000u\000r\000n\000s\000i\000d\000e\137\025\164\006}{section.13}% 169
\BOOKMARK [2][-]{subsection.13.16}{\376\377\116\224\217\271\137\142\145\160\133\232\164\006}{section.13}% 170
\BOOKMARK [2][-]{subsection.13.17}{\376\377\150\021\166\204\213\241\145\160}{section.13}% 171
\BOOKMARK [2][-]{subsection.13.18}{\376\377\153\047\142\311\121\154\137\017}{section.13}% 172
\BOOKMARK [2][-]{subsection.13.19}{\376\377\166\256\121\113\133\232\164\006}{section.13}% 173
\BOOKMARK [2][-]{subsection.13.20}{\376\377\162\133\230\177\140\122\173\111\137\017}{section.13}% 174
\BOOKMARK [1][-]{section.14}{\376\377\136\163\227\142\121\340\117\125\121\154\137\017}{}% 175
\BOOKMARK [2][-]{subsection.14.1}{\376\377\116\011\211\322\137\142}{section.14}% 176
\BOOKMARK [2][-]{subsection.14.2}{\376\377\126\333\217\271\137\142}{section.14}% 177
\BOOKMARK [2][-]{subsection.14.3}{\376\377\153\143\000n\217\271\137\142}{section.14}% 178
\BOOKMARK [2][-]{subsection.14.4}{\376\377\127\006}{section.14}% 179
\BOOKMARK [2][-]{subsection.14.5}{\376\377\150\361\147\361}{section.14}% 180
\BOOKMARK [2][-]{subsection.14.6}{\376\377\150\361\225\045}{section.14}% 181
\BOOKMARK [2][-]{subsection.14.7}{\376\377\150\361\123\360}{section.14}% 182
\BOOKMARK [2][-]{subsection.14.8}{\376\377\127\006\147\361}{section.14}% 183
\BOOKMARK [2][-]{subsection.14.9}{\376\377\127\006\225\045}{section.14}% 184
\BOOKMARK [2][-]{subsection.14.10}{\376\377\127\006\123\360}{section.14}% 185
\BOOKMARK [2][-]{subsection.14.11}{\376\377\164\003}{section.14}% 186
\BOOKMARK [2][-]{subsection.14.12}{\376\377\164\003\123\360}{section.14}% 187
\BOOKMARK [2][-]{subsection.14.13}{\376\377\164\003\142\107\137\142}{section.14}% 188
\BOOKMARK [1][-]{section.15}{\376\377\172\313\117\123\121\340\117\125\121\154\137\017}{}% 189
\BOOKMARK [2][-]{subsection.15.1}{\376\377\164\003\227\142\116\011\211\322\121\154\137\017}{section.15}% 190
\BOOKMARK [2][-]{subsection.15.2}{\376\377\126\333\227\142\117\123\117\123\171\357\121\154\137\017}{section.15}% 191
\BOOKMARK [1][-]{section.16}{\376\377\226\104\137\125}{}% 192
\BOOKMARK [2][-]{subsection.16.1}{\376\377\000N\000T\000T\175\040\145\160\123\312\123\237\150\071\122\027\210\150}{section.16}% 193
\BOOKMARK [2][-]{subsection.16.2}{\376\377\000c\000h\000e\000a\000t\000.\000p\000d\000f}{section.16}% 194
