\BOOKMARK [1][-]{section.1}{\376\377\145\160\133\146}{}% 1
\BOOKMARK [2][-]{subsection.1.1}{\376\377\137\353\220\037\154\102\220\006\121\103\000\050\121\205\124\053\000e\000x\000g\000c\000d\000\051}{section.1}% 2
\BOOKMARK [2][-]{subsection.1.2}{\376\377\116\055\126\375\122\151\117\131\133\232\164\006}{section.1}% 3
\BOOKMARK [2][-]{subsection.1.3}{\376\377\134\017\153\145\131\047\153\145}{section.1}% 4
\BOOKMARK [2][-]{subsection.1.4}{\376\377\000M\000i\000l\000l\000e\000r\000\040\000R\000a\000b\000i\000n\000\040\175\040\145\160\155\113\213\325}{section.1}% 5
\BOOKMARK [2][-]{subsection.1.5}{\376\377\000P\000o\000l\000l\000a\000r\000d\000\040\000R\000h\000o\000\040\131\047\145\160\122\006\211\343}{section.1}% 6
\BOOKMARK [2][-]{subsection.1.6}{\376\377\137\353\220\037\145\160\213\272\123\330\143\142\000\050\000z\000k\000y\000\051}{section.1}% 7
\BOOKMARK [2][-]{subsection.1.7}{\376\377\123\237\150\071}{section.1}% 8
\BOOKMARK [2][-]{subsection.1.8}{\376\377\176\277\140\047\220\022\143\250}{section.1}% 9
\BOOKMARK [2][-]{subsection.1.9}{\376\377\166\364\176\277\116\013\145\164\160\271\116\052\145\160}{section.1}% 10
\BOOKMARK [2][-]{subsection.1.10}{\376\377\232\330\145\257\155\210\121\103}{section.1}% 11
\BOOKMARK [2][-]{subsection.1.11}{\376\377\0001\000e\0009\000+\0007\000\040\000F\000F\000T}{section.1}% 12
\BOOKMARK [2][-]{subsection.1.12}{\376\377\000F\000W\000T}{section.1}% 13
\BOOKMARK [2][-]{subsection.1.13}{\376\377\201\352\220\002\136\224\217\233\146\156\150\356}{section.1}% 14
\BOOKMARK [2][-]{subsection.1.14}{\376\377\131\032\230\171\137\017\154\102\150\071}{section.1}% 15
\BOOKMARK [1][-]{section.2}{\376\377\145\160\143\156\176\323\147\204}{}% 16
\BOOKMARK [2][-]{subsection.2.1}{\376\377\000l\000c\000t}{section.2}% 17
\BOOKMARK [2][-]{subsection.2.2}{\376\377\150\021\116\012\203\253\226\037}{section.2}% 18
\BOOKMARK [2][-]{subsection.2.3}{\376\377\150\021\162\266\145\160\176\304\000k\000t\000h}{section.2}% 19
\BOOKMARK [2][-]{subsection.2.4}{\376\377\206\132\150\021}{section.2}% 20
\BOOKMARK [1][-]{section.3}{\376\377\126\376\213\272}{}% 21
\BOOKMARK [2][-]{subsection.3.1}{\376\377\160\271\123\314\217\336\220\032\122\006\221\317\000\050\000l\000y\000x\000\051}{section.3}% 22
\BOOKMARK [2][-]{subsection.3.2}{\376\377\000H\000o\000p\000c\000o\000f\000t\000-\000K\000a\000r\000p\154\102\147\000\131\047\123\071\221\115}{section.3}% 23
\BOOKMARK [2][-]{subsection.3.3}{\376\377\000K\000M\136\046\147\103\123\071\221\115}{section.3}% 24
\BOOKMARK [2][-]{subsection.3.4}{\376\377\0002\000-\000S\000A\000T\225\356\230\230}{section.3}% 25
\BOOKMARK [2][-]{subsection.3.5}{\376\377\147\011\150\071\150\021\166\204\124\014\147\204}{section.3}% 26
\BOOKMARK [2][-]{subsection.3.6}{\376\377\000D\000o\000m\000i\000n\000a\000t\000o\000r\000\040\000T\000r\000e\000e}{section.3}% 27
\BOOKMARK [2][-]{subsection.3.7}{\376\377\145\340\124\021\126\376\147\000\134\017\122\162}{section.3}% 28
\BOOKMARK [2][-]{subsection.3.8}{\376\377\136\046\202\261\150\021}{section.3}% 29
\BOOKMARK [1][-]{section.4}{\376\377\133\127\173\046\116\062}{}% 30
\BOOKMARK [2][-]{subsection.4.1}{\376\377\000E\000X\000K\000M\000P}{section.4}% 31
\BOOKMARK [2][-]{subsection.4.2}{\376\377\000A\000C\201\352\122\250\147\072}{section.4}% 32
\BOOKMARK [2][-]{subsection.4.3}{\376\377\000S\000A\000M}{section.4}% 33
\BOOKMARK [2][-]{subsection.4.4}{\376\377\124\016\177\000\145\160\176\304}{section.4}% 34
\BOOKMARK [2][-]{subsection.4.5}{\376\377\126\336\145\207\201\352\122\250\147\072}{section.4}% 35
\BOOKMARK [2][-]{subsection.4.6}{\376\377\000M\000a\000n\000a\000c\000h\000e\000r}{section.4}% 36
\BOOKMARK [2][-]{subsection.4.7}{\376\377\137\252\163\257\116\062\166\204\147\000\134\017\210\150\171\072}{section.4}% 37
\BOOKMARK [1][-]{section.5}{\376\377\213\241\173\227\121\340\117\125}{}% 38
\BOOKMARK [2][-]{subsection.5.1}{\376\377\116\214\176\364\121\340\117\125}{section.5}% 39
\BOOKMARK [2][-]{subsection.5.2}{\376\377\226\077\154\342\177\127\134\074\203\050\127\006}{section.5}% 40
\BOOKMARK [2][-]{subsection.5.3}{\376\377\116\011\211\322\137\142\116\016\127\006\116\244}{section.5}% 41
\BOOKMARK [2][-]{subsection.5.4}{\376\377\127\006\136\166}{section.5}% 42
\BOOKMARK [2][-]{subsection.5.5}{\376\377\145\164\145\160\123\112\136\163\227\142\116\244}{section.5}% 43
\BOOKMARK [2][-]{subsection.5.6}{\376\377\123\112\136\163\227\142\116\244}{section.5}% 44
\BOOKMARK [2][-]{subsection.5.7}{\376\377\116\011\211\322\137\142}{section.5}% 45
\BOOKMARK [2][-]{subsection.5.8}{\376\377\176\317\176\254\136\246\154\102\164\003\227\142\147\000\167\355\215\335\171\273}{section.5}% 46
\BOOKMARK [2][-]{subsection.5.9}{\376\377\225\177\145\271\117\123\210\150\227\142\116\044\160\271\147\000\167\355\215\335\171\273}{section.5}% 47
\BOOKMARK [2][-]{subsection.5.10}{\376\377\160\271\122\060\121\370\123\005\122\007\176\277}{section.5}% 48
\BOOKMARK [2][-]{subsection.5.11}{\376\377\166\364\176\277\116\016\121\370\123\005\166\204\116\244\160\271}{section.5}% 49
\BOOKMARK [2][-]{subsection.5.12}{\376\377\136\163\227\142\147\000\217\321\160\271\133\371}{section.5}% 50
\BOOKMARK [2][-]{subsection.5.13}{\376\377\116\011\176\364\121\340\117\125}{section.5}% 51
\BOOKMARK [1][-]{section.6}{\376\377\121\166\116\326}{}% 52
\BOOKMARK [2][-]{subsection.6.1}{\376\377\147\000\134\017\150\021\137\142\126\376}{section.6}% 53
\BOOKMARK [2][-]{subsection.6.2}{\376\377\000D\000L\000X}{section.6}% 54
\BOOKMARK [2][-]{subsection.6.3}{\376\377\147\320\136\164\147\320\147\010\147\320\145\345\146\057\146\037\147\037\121\340}{section.6}% 55
\BOOKMARK [2][-]{subsection.6.4}{\376\377\147\232\116\076\131\047\134\017\116\072\000k\166\204\133\120\226\306}{section.6}% 56
\BOOKMARK [2][-]{subsection.6.5}{\376\377\163\257\162\266\147\000\225\177\121\154\121\161\133\120\116\062}{section.6}% 57
\BOOKMARK [2][-]{subsection.6.6}{\376\377\000L\000L\000M\000O\000D\000\040\000S\000T\000L\121\205\133\130\156\005\172\172\000\040\137\000\150\010}{section.6}% 58
\BOOKMARK [2][-]{subsection.6.7}{\376\377\000v\000i\000m\000r\000c}{section.6}% 59
\BOOKMARK [2][-]{subsection.6.8}{\376\377\116\012\116\013\165\114\177\121\176\334\155\101}{section.6}% 60
\BOOKMARK [2][-]{subsection.6.9}{\376\377\116\012\116\013\165\114\215\071\165\050\155\101}{section.6}% 61
\BOOKMARK [2][-]{subsection.6.10}{\376\377\000B\000e\000r\000n\000o\000u\000l\000l\000i\145\160}{section.6}% 62
\BOOKMARK [2][-]{subsection.6.11}{\376\377\000J\000a\000v\000a\000\040\000H\000i\000n\000t\000s}{section.6}% 63
\BOOKMARK [1][-]{section.7}{\376\377\145\160\133\146}{}% 64
\BOOKMARK [2][-]{subsection.7.1}{\376\377\136\070\165\050\145\160\133\146\121\154\137\017}{section.7}% 65
\BOOKMARK [2][-]{subsection.7.2}{\376\377\136\163\227\142\121\340\117\125\121\154\137\017}{section.7}% 66
\BOOKMARK [2][-]{subsection.7.3}{\376\377\171\357\122\006\210\150}{section.7}% 67
\BOOKMARK [2][-]{subsection.7.4}{\376\377\123\132\137\010\156\070\142\017}{section.7}% 68
